<?xml version="1.0" encoding="UTF-8"?>
<testsuite xmlns:xsi="http://www.w3.org/2001/XMLSchema-instance" xsi:schemaLocation="https://maven.apache.org/surefire/maven-surefire-plugin/xsd/surefire-test-report.xsd" name="uk.gov.companieshouse.taf.acceptancetests.AllTests" time="6.641" tests="3" errors="0" skipped="0" failures="0">
  <properties>
[...]
</properties>
  <testcase name="Given I visit &quot;https://www.gov.uk/government/organisations/companies-house&quot;" classname="Scenario: Visit the Companies House website" time="0.001"/>
  <testcase name="Then I should be on the Companies House home page" classname="Scenario: Visit the Companies House website" time="0"/>
  <testcase name="Scenario: Visit the Companies House website" classname="Scenario: Visit the Companies House website" time="0.834"/>
</testsuite>